<?xml version="1.0" encoding="UTF-8"?>
<!-- Generated by org.testng.reporters.JUnitXMLReporter -->
<testsuite ignored="0" hostname="swapnil-PC" failures="0" tests="5" name="Surefire test" time="108.247" errors="0" timestamp="28 Jan 2020 20:41:14 GMT">
  <testcase classname="com.phpTravels.qa.testcases.HomePageTest" name="quickHomePageHotelLinkPageTest" time="2.375"/>
  <testcase classname="com.phpTravels.qa.testcases.HomePageTest" name="HotelLinkPageTest" time="9.098"/>
  <testcase classname="com.phpTravels.qa.testcases.HomePageTest" name="selectCheckinDateTest" time="15.338"/>
  <testcase classname="com.phpTravels.qa.testcases.HomePageTest" name="searchHoteslsTest" time="45.53"/>
  <testcase classname="com.phpTravels.qa.testcases.HomePageTest" name="namePriceHoteslsTest" time="35.788"/>
</testsuite> <!-- Surefire test -->
