<?xml version="1.0" encoding="UTF-8"?>
<!-- Generated by org.testng.reporters.JUnitXMLReporter -->
<testsuite ignored="0" hostname="swapnil-PC" failures="1" tests="5" name="Surefire test" time="24.453" errors="0" timestamp="27 Jan 2020 20:47:44 GMT">
  <testcase classname="com.phpTravels.qa.testcases.HomePageTest" name="quickHomePageHotelLinkPageTest" time="1.061"/>
  <testcase classname="com.phpTravels.qa.testcases.HomePageTest" name="HotelLinkPageTest" time="5.528"/>
  <testcase classname="com.phpTravels.qa.testcases.HomePageTest" name="selectCheckinDateTest" time="5.908"/>
  <testcase classname="com.phpTravels.qa.testcases.HomePageTest" name="searchHoteslsTest" time="11.698"/>
  <testcase classname="com.phpTravels.qa.testcases.HotelsPageTest" name="namePriceHoteslsTest" time="0.001">
    <failure type="java.lang.NullPointerException">
      <![CDATA[java.lang.NullPointerException
	at com.phpTravels.qa.testcases.HotelsPageTest.namePriceHoteslsTest(HotelsPageTest.java:28)
... Removed 30 stack frames]]>
    </failure>
  </testcase> <!-- namePriceHoteslsTest -->
</testsuite> <!-- Surefire test -->
