<?xml version="1.0" encoding="UTF-8"?>
<!-- Generated by org.testng.reporters.JUnitXMLReporter -->
<testsuite ignored="0" hostname="swapnil-PC" failures="0" tests="5" name="Default test" time="37.488" errors="0" timestamp="28 Jan 2020 19:38:58 GMT">
  <testcase classname="com.phpTravels.qa.testcases.HomePageTest" name="quickHomePageHotelLinkPageTest" time="1.874"/>
  <testcase classname="com.phpTravels.qa.testcases.HomePageTest" name="HotelLinkPageTest" time="4.704"/>
  <testcase classname="com.phpTravels.qa.testcases.HomePageTest" name="selectCheckinDateTest" time="6.94"/>
  <testcase classname="com.phpTravels.qa.testcases.HomePageTest" name="searchHoteslsTest" time="23.098"/>
  <testcase classname="com.phpTravels.qa.testcases.HomePageTest" name="namePriceHoteslsTest" time="0.786"/>
</testsuite> <!-- Default test -->
