<?xml version="1.0" encoding="UTF-8"?>
<testsuite xmlns:xsi="http://www.w3.org/2001/XMLSchema-instance" xsi:noNamespaceSchemaLocation="https://maven.apache.org/surefire/maven-surefire-plugin/xsd/surefire-test-report.xsd" name="com.phpTravels.qa.testcases.HomePageTest" time="66.736" tests="2" errors="0" skipped="1" failures="1">
  <properties>
[...]
</properties>
  <testcase name="setUp" classname="com.phpTravels.qa.testcases.HomePageTest" time="66.089">
    <failure message="Timed out waiting for page to load.&#10;Build info: version: &apos;3.5.3&apos;, revision: &apos;a88d25fe6b&apos;, time: &apos;2017-08-29T12:42:44.417Z&apos;&#10;System info: host: &apos;SWAPNIL-PC&apos;, ip: &apos;192.168.1.4&apos;, os.name: &apos;Windows 7&apos;, os.arch: &apos;amd64&apos;, os.version: &apos;6.1&apos;, java.version: &apos;9.0.4&apos;&#10;Driver info: org.openqa.selenium.ie.InternetExplorerDriver&#10;Capabilities [{se:ieOptions={browserAttachTimeout=0, enablePersistentHover=true, ie.forceCreateProcessApi=false, ie.edgepath=, ignoreZoomSetting=false, ie.fileUploadDialogTimeout=3000, nativeEvents=true, ie.edgechromium=false, ie.ensureCleanSession=false, elementScrollBehavior=0, ie.browserCommandLineSwitches=, requireWindowFocus=false, initialBrowserUrl=http://localhost:39507/, ignoreProtectedModeSettings=false}, timeouts={implicit=0, pageLoad=300000, script=30000}, pageLoadStrategy=normal, unhandledPromptBehavior=dismiss and notify, strictFileInteractability=false, platform=XP, proxy=Proxy(), acceptInsecureCerts=false, browserVersion=11, browserName=internet explorer, javascriptEnabled=true, platformName=XP, setWindowRect=true}]&#10;Session ID: 4cdea970-75e0-4139-9c1a-1210ad765c55" type="org.openqa.selenium.TimeoutException">org.openqa.selenium.TimeoutException: 
Timed out waiting for page to load.
Build info: version: '3.5.3', revision: 'a88d25fe6b', time: '2017-08-29T12:42:44.417Z'
System info: host: 'SWAPNIL-PC', ip: '192.168.1.4', os.name: 'Windows 7', os.arch: 'amd64', os.version: '6.1', java.version: '9.0.4'
Driver info: org.openqa.selenium.ie.InternetExplorerDriver
Capabilities [{se:ieOptions={browserAttachTimeout=0, enablePersistentHover=true, ie.forceCreateProcessApi=false, ie.edgepath=, ignoreZoomSetting=false, ie.fileUploadDialogTimeout=3000, nativeEvents=true, ie.edgechromium=false, ie.ensureCleanSession=false, elementScrollBehavior=0, ie.browserCommandLineSwitches=, requireWindowFocus=false, initialBrowserUrl=http://localhost:39507/, ignoreProtectedModeSettings=false}, timeouts={implicit=0, pageLoad=300000, script=30000}, pageLoadStrategy=normal, unhandledPromptBehavior=dismiss and notify, strictFileInteractability=false, platform=XP, proxy=Proxy(), acceptInsecureCerts=false, browserVersion=11, browserName=internet explorer, javascriptEnabled=true, platformName=XP, setWindowRect=true}]
Session ID: 4cdea970-75e0-4139-9c1a-1210ad765c55
	at com.phpTravels.qa.testcases.HomePageTest.setUp(HomePageTest.java:26)
</failure>
    <system-out><![CDATA[*********************************https://www.phptravels.net/*****************************************
*********************************E:\Training\Automation\TestNG\Workplace\PHPTravels*****************************************
]]></system-out>
    <system-err><![CDATA[Started InternetExplorerDriver server (32-bit)
3.150.1.0
Listening on port 39507
Only local connections are allowed
log4j:WARN No appenders could be found for logger (org.apache.http.client.protocol.RequestAddCookies).
log4j:WARN Please initialize the log4j system properly.
Jan 26, 2020 3:29:57 PM org.openqa.selenium.remote.ProtocolHandshake createSession
INFO: Detected dialect: W3C
Jan 26, 2020 3:30:57 PM org.openqa.selenium.remote.ErrorCodes toStatus
INFO: HTTP Status: '500' -> incorrect JSON status mapping for 'timeout' (408 expected)
]]></system-err>
  </testcase>
  <testcase name="quickHomePageHotelLinkPageTest" classname="com.phpTravels.qa.testcases.HomePageTest" time="0">
    <skipped message="Timed out waiting for page to load.&#10;Build info: version: &apos;3.5.3&apos;, revision: &apos;a88d25fe6b&apos;, time: &apos;2017-08-29T12:42:44.417Z&apos;&#10;System info: host: &apos;SWAPNIL-PC&apos;, ip: &apos;192.168.1.4&apos;, os.name: &apos;Windows 7&apos;, os.arch: &apos;amd64&apos;, os.version: &apos;6.1&apos;, java.version: &apos;9.0.4&apos;&#10;Driver info: org.openqa.selenium.ie.InternetExplorerDriver&#10;Capabilities [{se:ieOptions={browserAttachTimeout=0, enablePersistentHover=true, ie.forceCreateProcessApi=false, ie.edgepath=, ignoreZoomSetting=false, ie.fileUploadDialogTimeout=3000, nativeEvents=true, ie.edgechromium=false, ie.ensureCleanSession=false, elementScrollBehavior=0, ie.browserCommandLineSwitches=, requireWindowFocus=false, initialBrowserUrl=http://localhost:39507/, ignoreProtectedModeSettings=false}, timeouts={implicit=0, pageLoad=300000, script=30000}, pageLoadStrategy=normal, unhandledPromptBehavior=dismiss and notify, strictFileInteractability=false, platform=XP, proxy=Proxy(), acceptInsecureCerts=false, browserVersion=11, browserName=internet explorer, javascriptEnabled=true, platformName=XP, setWindowRect=true}]&#10;Session ID: 4cdea970-75e0-4139-9c1a-1210ad765c55"/>
  </testcase>
</testsuite>