<?xml version="1.0" encoding="UTF-8"?>
<testsuite xmlns:xsi="http://www.w3.org/2001/XMLSchema-instance" xsi:noNamespaceSchemaLocation="https://maven.apache.org/surefire/maven-surefire-plugin/xsd/surefire-test-report.xsd" name="TestSuite" time="142.229" tests="5" errors="0" skipped="0" failures="0">
  <properties>
[...]
</properties>
  <testcase name="quickHomePageHotelLinkPageTest" classname="com.phpTravels.qa.testcases.HomePageTest" time="2.38"/>
  <testcase name="HotelLinkPageTest" classname="com.phpTravels.qa.testcases.HomePageTest" time="9.089"/>
  <testcase name="selectCheckinDateTest" classname="com.phpTravels.qa.testcases.HomePageTest" time="15.395"/>
  <testcase name="searchHoteslsTest" classname="com.phpTravels.qa.testcases.HomePageTest" time="45.472"/>
  <testcase name="namePriceHoteslsTest" classname="com.phpTravels.qa.testcases.HomePageTest" time="35.812"/>
</testsuite>