<?xml version="1.0" encoding="UTF-8"?>
<testsuite xmlns:xsi="http://www.w3.org/2001/XMLSchema-instance" xsi:noNamespaceSchemaLocation="https://maven.apache.org/surefire/maven-surefire-plugin/xsd/surefire-test-report.xsd" name="TestSuite" time="191.065" tests="7" errors="0" skipped="5" failures="2">
  <properties>
[...]
</properties>
  <testcase name="setUp" classname="com.phpTravels.qa.testcases.HomePageTest" time="190.267">
    <failure message="expected [PHPTRAVELS | Travel Technology Partner] but found [www.phptravels.net | 522: Connection timed out]" type="java.lang.AssertionError">java.lang.AssertionError: expected [PHPTRAVELS | Travel Technology Partner] but found [www.phptravels.net | 522: Connection timed out]
	at com.phpTravels.qa.testcases.HomePageTest.setUp(HomePageTest.java:38)
</failure>
    <system-out><![CDATA[*********************************https://www.phptravels.net/index.php*****************************************
]]></system-out>
    <system-err><![CDATA[Started InternetExplorerDriver server (32-bit)
3.150.1.0
Listening on port 25148
Only local connections are allowed
log4j:WARN No appenders could be found for logger (org.apache.http.client.protocol.RequestAddCookies).
log4j:WARN Please initialize the log4j system properly.
Jan 30, 2020 1:47:42 PM org.openqa.selenium.remote.ProtocolHandshake createSession
INFO: Detected dialect: W3C
ERROR StatusLogger Log4j2 could not find a logging implementation. Please add log4j-core to the classpath. Using SimpleLogger to log to the console...
]]></system-err>
  </testcase>
  <testcase name="quickHomePageHotelLinkPageTest" classname="com.phpTravels.qa.testcases.HomePageTest" time="0">
    <skipped message="expected [PHPTRAVELS | Travel Technology Partner] but found [www.phptravels.net | 522: Connection timed out]"/>
  </testcase>
  <testcase name="HotelLinkPageTest" classname="com.phpTravels.qa.testcases.HomePageTest" time="0">
    <skipped message="expected [PHPTRAVELS | Travel Technology Partner] but found [www.phptravels.net | 522: Connection timed out]"/>
  </testcase>
  <testcase name="selectCheckinDateTest" classname="com.phpTravels.qa.testcases.HomePageTest" time="190.33">
    <failure message="&#10;Method public void com.phpTravels.qa.testcases.HomePageTest.selectCheckinDateTest() throws java.lang.InterruptedException,java.text.ParseException requires a @DataProvider named : data-provider" type="org.testng.TestNGException">org.testng.TestNGException: 

Method public void com.phpTravels.qa.testcases.HomePageTest.selectCheckinDateTest() throws java.lang.InterruptedException,java.text.ParseException requires a @DataProvider named : data-provider
</failure>
    <system-err><![CDATA[[Utils] [ERROR] [Error] org.testng.TestNGException: 
Method public void com.phpTravels.qa.testcases.HomePageTest.selectCheckinDateTest() throws java.lang.InterruptedException,java.text.ParseException requires a @DataProvider named : data-provider
	at org.testng.internal.Parameters.findDataProvider(Parameters.java:336)
	at org.testng.internal.Parameters.handleParameters(Parameters.java:498)
	at org.testng.internal.Invoker.handleParameters(Invoker.java:1308)
	at org.testng.internal.Invoker.createParameters(Invoker.java:1036)
	at org.testng.internal.Invoker.invokeTestMethods(Invoker.java:1126)
	at org.testng.internal.TestMethodWorker.invokeTestMethods(TestMethodWorker.java:126)
	at org.testng.internal.TestMethodWorker.run(TestMethodWorker.java:109)
	at org.testng.TestRunner.privateRun(TestRunner.java:744)
	at org.testng.TestRunner.run(TestRunner.java:602)
	at org.testng.SuiteRunner.runTest(SuiteRunner.java:380)
	at org.testng.SuiteRunner.runSequentially(SuiteRunner.java:375)
	at org.testng.SuiteRunner.privateRun(SuiteRunner.java:340)
	at org.testng.SuiteRunner.run(SuiteRunner.java:289)
	at org.testng.SuiteRunnerWorker.runSuite(SuiteRunnerWorker.java:52)
	at org.testng.SuiteRunnerWorker.run(SuiteRunnerWorker.java:86)
	at org.testng.TestNG.runSuitesSequentially(TestNG.java:1301)
	at org.testng.TestNG.runSuitesLocally(TestNG.java:1226)
	at org.testng.TestNG.runSuites(TestNG.java:1144)
	at org.testng.TestNG.run(TestNG.java:1115)
	at org.apache.maven.surefire.testng.TestNGExecutor.run(TestNGExecutor.java:135)
	at org.apache.maven.surefire.testng.TestNGDirectoryTestSuite.executeMulti(TestNGDirectoryTestSuite.java:193)
	at org.apache.maven.surefire.testng.TestNGDirectoryTestSuite.execute(TestNGDirectoryTestSuite.java:94)
	at org.apache.maven.surefire.testng.TestNGProvider.invoke(TestNGProvider.java:146)
	at org.apache.maven.surefire.booter.ForkedBooter.invokeProviderInSameClassLoader(ForkedBooter.java:379)
	at org.apache.maven.surefire.booter.ForkedBooter.runSuitesInProcess(ForkedBooter.java:340)
	at org.apache.maven.surefire.booter.ForkedBooter.execute(ForkedBooter.java:125)
	at org.apache.maven.surefire.booter.ForkedBooter.main(ForkedBooter.java:413)

]]></system-err>
  </testcase>
  <testcase name="searchHoteslsTest" classname="com.phpTravels.qa.testcases.HomePageTest" time="0">
    <skipped message="expected [PHPTRAVELS | Travel Technology Partner] but found [www.phptravels.net | 522: Connection timed out]"/>
  </testcase>
  <testcase name="namePriceHoteslsTest" classname="com.phpTravels.qa.testcases.HomePageTest" time="0">
    <skipped message="expected [PHPTRAVELS | Travel Technology Partner] but found [www.phptravels.net | 522: Connection timed out]"/>
  </testcase>
  <testcase name="tearDown" classname="com.phpTravels.qa.testcases.HomePageTest" time="0">
    <skipped/>
  </testcase>
</testsuite>