-------------------------------------------------------------------------------
Test set: TestSuite
-------------------------------------------------------------------------------
Tests run: 5, Failures: 1, Errors: 0, Skipped: 0, Time elapsed: 49.779 s <<< FAILURE! - in TestSuite
namePriceHoteslsTest(com.phpTravels.qa.testcases.HotelsPageTest)  Time elapsed: 0.067 s  <<< FAILURE!
java.lang.NullPointerException
	at com.phpTravels.qa.testcases.HotelsPageTest.namePriceHoteslsTest(HotelsPageTest.java:28)

