-------------------------------------------------------------------------------
Test set: TestSuite
-------------------------------------------------------------------------------
Tests run: 7, Failures: 1, Errors: 0, Skipped: 6, Time elapsed: 191.439 s <<< FAILURE! - in TestSuite
setUp(com.phpTravels.qa.testcases.HomePageTest)  Time elapsed: 190.517 s  <<< FAILURE!
java.lang.AssertionError: expected [PHPTRAVELS | Travel Technology Partner] but found [www.phptravels.net | 522: Connection timed out]
	at com.phpTravels.qa.testcases.HomePageTest.setUp(HomePageTest.java:31)

