<?xml version="1.0" encoding="UTF-8"?>
<testng-results ignored="0" total="4" passed="4" failed="0" skipped="0">
  <reporter-output>
  </reporter-output>
  <suite started-at="2020-01-27T18:52:16Z" name="Default suite" finished-at="2020-01-27T18:52:47Z" duration-ms="31178">
    <groups>
    </groups>
    <test started-at="2020-01-27T18:52:16Z" name="Default test" finished-at="2020-01-27T18:52:47Z" duration-ms="31178">
      <class name="com.phpTravels.qa.testcases.HomePageTest">
        <test-method is-config="true" signature="setUp()[pri:0, instance:com.phpTravels.qa.testcases.HomePageTest@73e9cf30]" started-at="2020-01-28T00:21:55Z" name="setUp" finished-at="2020-01-28T00:22:16Z" duration-ms="20786" status="PASS">
          <reporter-output>
          </reporter-output>
        </test-method> <!-- setUp -->
        <test-method signature="quickHomePageHotelLinkPageTest()[pri:0, instance:com.phpTravels.qa.testcases.HomePageTest@73e9cf30]" started-at="2020-01-28T00:22:16Z" name="quickHomePageHotelLinkPageTest" description="Verify that hotel page is opened" finished-at="2020-01-28T00:22:17Z" duration-ms="919" status="PASS">
          <reporter-output>
          </reporter-output>
        </test-method> <!-- quickHomePageHotelLinkPageTest -->
        <test-method signature="HotelLinkPageTest()[pri:1, instance:com.phpTravels.qa.testcases.HomePageTest@73e9cf30]" started-at="2020-01-28T00:22:17Z" name="HotelLinkPageTest" description="Verify that user can select destination as &#039;Pune&#039;" finished-at="2020-01-28T00:22:24Z" duration-ms="6685" status="PASS">
          <reporter-output>
          </reporter-output>
        </test-method> <!-- HotelLinkPageTest -->
        <test-method signature="selectCheckinDateTest()[pri:2, instance:com.phpTravels.qa.testcases.HomePageTest@73e9cf30]" started-at="2020-01-28T00:22:24Z" name="selectCheckinDateTest" description="Verify that user can select selectCheckinDate" finished-at="2020-01-28T00:22:34Z" duration-ms="9637" status="PASS">
          <reporter-output>
          </reporter-output>
        </test-method> <!-- selectCheckinDateTest -->
        <test-method signature="searchHoteslsTest()[pri:3, instance:com.phpTravels.qa.testcases.HomePageTest@73e9cf30]" started-at="2020-01-28T00:22:34Z" name="searchHoteslsTest" description="Verify that user can select selectCheckinDate" finished-at="2020-01-28T00:22:47Z" duration-ms="13779" status="PASS">
          <reporter-output>
          </reporter-output>
        </test-method> <!-- searchHoteslsTest -->
        <test-method is-config="true" signature="tearDown()[pri:0, instance:com.phpTravels.qa.testcases.HomePageTest@73e9cf30]" started-at="2020-01-28T00:22:48Z" name="tearDown" finished-at="2020-01-28T00:22:48Z" duration-ms="674" status="PASS">
          <reporter-output>
          </reporter-output>
        </test-method> <!-- tearDown -->
      </class> <!-- com.phpTravels.qa.testcases.HomePageTest -->
    </test> <!-- Default test -->
  </suite> <!-- Default suite -->
</testng-results>
