<?xml version="1.0" encoding="UTF-8"?>
<!-- Generated by org.testng.reporters.JUnitXMLReporter -->
<testsuite ignored="0" hostname="swapnil-PC" failures="0" tests="5" name="PHPTrvels UI Test Cases" time="0.066" errors="0" timestamp="29 Jan 2020 18:47:51 GMT">
  <testcase classname="com.phpTravels.qa.testcases.HomePageTest" name="@BeforeSuite setUp" time="113.566">
    <failure type="java.lang.AssertionError" message="expected [PHPTRAVELS | Travel Technology Partner] but found [www.phptravels.net | 524: A timeout occurred]">
      <![CDATA[java.lang.AssertionError: expected [PHPTRAVELS | Travel Technology Partner] but found [www.phptravels.net | 524: A timeout occurred]
	at com.phpTravels.qa.base.TestBase.initialization(TestBase.java:75)
	at com.phpTravels.qa.testcases.HomePageTest.setUp(HomePageTest.java:31)
... Removed 25 stack frames]]>
    </failure>
  </testcase> <!-- @BeforeSuite setUp -->
  <testcase classname="com.phpTravels.qa.testcases.HomePageTest" name="quickHomePageHotelLinkPageTest" time="0.0">
    <skipped/>
  </testcase> <!-- quickHomePageHotelLinkPageTest -->
  <testcase classname="com.phpTravels.qa.testcases.HomePageTest" name="HotelLinkPageTest" time="0.0">
    <skipped/>
  </testcase> <!-- HotelLinkPageTest -->
  <testcase classname="com.phpTravels.qa.testcases.HomePageTest" name="selectCheckinDateTest" time="0.0">
    <skipped/>
  </testcase> <!-- selectCheckinDateTest -->
  <testcase classname="com.phpTravels.qa.testcases.HomePageTest" name="searchHoteslsTest" time="0.0">
    <skipped/>
  </testcase> <!-- searchHoteslsTest -->
  <testcase classname="com.phpTravels.qa.testcases.HomePageTest" name="namePriceHoteslsTest" time="0.0">
    <skipped/>
  </testcase> <!-- namePriceHoteslsTest -->
</testsuite> <!-- PHPTrvels UI Test Cases -->
