<?xml version="1.0" encoding="UTF-8"?>
<!-- Generated by org.testng.reporters.JUnitXMLReporter -->
<testsuite ignored="0" hostname="swapnil-PC" failures="0" tests="1" name="PHPTrvels UI Test Cases" time="78.632" errors="0" timestamp="26 Jan 2020 09:27:22 GMT">
  <testcase classname="com.phpTravels.qa.testcases.HomePageTest" name="@BeforeMethod setUp" time="78.424">
    <failure type="org.openqa.selenium.TimeoutException" message="Timed out waiting for page to load.
Build info: version: &amp;apos;3.5.3&amp;apos;, revision: &amp;apos;a88d25fe6b&amp;apos;, time: &amp;apos;2017-08-29T12:42:44.417Z&amp;apos;
System info: host: &amp;apos;SWAPNIL-PC&amp;apos;, ip: &amp;apos;192.168.1.4&amp;apos;, os.name: &amp;apos;Windows 7&amp;apos;, os.arch: &amp;apos;amd64&amp;apos;, os.version: &amp;apos;6.1&amp;apos;, java.version: &amp;apos;9.0.4&amp;apos;
Driver info: org.openqa.selenium.ie.InternetExplorerDriver
Capabilities [{se:ieOptions={browserAttachTimeout=0, enablePersistentHover=true, ie.forceCreateProcessApi=false, ie.edgepath=, ignoreZoomSetting=false, ie.fileUploadDialogTimeout=3000, nativeEvents=true, ie.edgechromium=false, ie.ensureCleanSession=false, elementScrollBehavior=0, ie.browserCommandLineSwitches=, requireWindowFocus=false, initialBrowserUrl=http://localhost:2199/, ignoreProtectedModeSettings=false}, timeouts={implicit=0, pageLoad=300000, script=30000}, pageLoadStrategy=normal, unhandledPromptBehavior=dismiss and notify, strictFileInteractability=false, platform=XP, proxy=Proxy(), acceptInsecureCerts=false, browserVersion=11, browserName=internet explorer, javascriptEnabled=true, platformName=XP, setWindowRect=true}]
Session ID: 0807ffc4-9661-429f-b39d-8bae94c43116">
      <![CDATA[org.openqa.selenium.TimeoutException: Timed out waiting for page to load.
Build info: version: '3.5.3', revision: 'a88d25fe6b', time: '2017-08-29T12:42:44.417Z'
System info: host: 'SWAPNIL-PC', ip: '192.168.1.4', os.name: 'Windows 7', os.arch: 'amd64', os.version: '6.1', java.version: '9.0.4'
Driver info: org.openqa.selenium.ie.InternetExplorerDriver
Capabilities [{se:ieOptions={browserAttachTimeout=0, enablePersistentHover=true, ie.forceCreateProcessApi=false, ie.edgepath=, ignoreZoomSetting=false, ie.fileUploadDialogTimeout=3000, nativeEvents=true, ie.edgechromium=false, ie.ensureCleanSession=false, elementScrollBehavior=0, ie.browserCommandLineSwitches=, requireWindowFocus=false, initialBrowserUrl=http://localhost:2199/, ignoreProtectedModeSettings=false}, timeouts={implicit=0, pageLoad=300000, script=30000}, pageLoadStrategy=normal, unhandledPromptBehavior=dismiss and notify, strictFileInteractability=false, platform=XP, proxy=Proxy(), acceptInsecureCerts=false, browserVersion=11, browserName=internet explorer, javascriptEnabled=true, platformName=XP, setWindowRect=true}]
Session ID: 0807ffc4-9661-429f-b39d-8bae94c43116
	at org.openqa.selenium.remote.http.W3CHttpResponseCodec.createException(W3CHttpResponseCodec.java:185)
	at org.openqa.selenium.remote.http.W3CHttpResponseCodec.decode(W3CHttpResponseCodec.java:120)
	at org.openqa.selenium.remote.http.W3CHttpResponseCodec.decode(W3CHttpResponseCodec.java:49)
	at org.openqa.selenium.remote.HttpCommandExecutor.execute(HttpCommandExecutor.java:164)
	at org.openqa.selenium.remote.service.DriverCommandExecutor.execute(DriverCommandExecutor.java:82)
	at org.openqa.selenium.remote.RemoteWebDriver.execute(RemoteWebDriver.java:646)
	at org.openqa.selenium.remote.RemoteWebDriver.get(RemoteWebDriver.java:370)
	at com.phpTravels.qa.base.TestBase.initialization(TestBase.java:69)
	at com.phpTravels.qa.testcases.HomePageTest.setUp(HomePageTest.java:26)
... Removed 31 stack frames]]>
    </failure>
  </testcase> <!-- @BeforeMethod setUp -->
  <testcase classname="com.phpTravels.qa.testcases.HomePageTest" name="quickHomePageHotelLinkPageTest" time="0.001">
    <skipped/>
  </testcase> <!-- quickHomePageHotelLinkPageTest -->
</testsuite> <!-- PHPTrvels UI Test Cases -->
